# JRE version: Java(TM) SE Runtime Environment (7.0_75-b13) (build 1.7.0_75-b13)
# Java VM: Java HotSpot(TM) 64-Bit Server VM (24.75-b04 mixed mode windows-amd64 compressed oops)
Heap
 PSYoungGen      total 124416K, used 51899K [0x00000000eaa80000, 0x00000000f4780000, 0x0000000100000000)
  eden space 122880K, 42% used [0x00000000eaa80000,0x00000000edd2ef30,0x00000000f2280000)
  from space 1536K, 0% used [0x00000000f2280000,0x00000000f2280000,0x00000000f2400000)
  to   space 18944K, 0% used [0x00000000f3500000,0x00000000f3500000,0x00000000f4780000)
 ParOldGen       total 72192K, used 44459K [0x00000000c0000000, 0x00000000c4680000, 0x00000000eaa80000)
  object space 72192K, 61% used [0x00000000c0000000,0x00000000c2b6adb0,0x00000000c4680000)
 PSPermGen       total 98304K, used 55730K [0x00000000b0000000, 0x00000000b6000000, 0x00000000c0000000)
  object space 98304K, 56% used [0x00000000b0000000,0x00000000b366c960,0x00000000b6000000)
GC Heap History (10 events):
Event: 695.026 GC heap before
{Heap before GC invocations=34 (full 4):
 PSYoungGen      total 136704K, used 1264K [0x00000000eaa80000, 0x00000000f4400000, 0x0000000100000000)
  eden space 116224K, 0% used [0x00000000eaa80000,0x00000000eaa80000,0x00000000f1c00000)
  from space 20480K, 6% used [0x00000000f3000000,0x00000000f313c030,0x00000000f4400000)
  to   space 20480K, 0% used [0x00000000f1c00000,0x00000000f1c00000,0x00000000f3000000)
 ParOldGen       total 72192K, used 52474K [0x00000000c0000000, 0x00000000c4680000, 0x00000000eaa80000)
  object space 72192K, 72% used [0x00000000c0000000,0x00000000c333e9d0,0x00000000c4680000)
 PSPermGen       total 101376K, used 55938K [0x00000000b0000000, 0x00000000b6300000, 0x00000000c0000000)
  object space 101376K, 55% used [0x00000000b0000000,0x00000000b36a0b50,0x00000000b6300000)
Event: 696.167 GC heap after
Heap after GC invocations=34 (full 4):
 PSYoungGen      total 136704K, used 0K [0x00000000eaa80000, 0x00000000f4400000, 0x0000000100000000)
  eden space 116224K, 0% used [0x00000000eaa80000,0x00000000eaa80000,0x00000000f1c00000)
  from space 20480K, 0% used [0x00000000f3000000,0x00000000f3000000,0x00000000f4400000)
  to   space 20480K, 0% used [0x00000000f1c00000,0x00000000f1c00000,0x00000000f3000000)
 ParOldGen       total 72192K, used 52566K [0x00000000c0000000, 0x00000000c4680000, 0x00000000eaa80000)
  object space 72192K, 72% used [0x00000000c0000000,0x00000000c33559a0,0x00000000c4680000)
 PSPermGen       total 100352K, used 55903K [0x00000000b0000000, 0x00000000b6200000, 0x00000000c0000000)
  object space 100352K, 55% used [0x00000000b0000000,0x00000000b3697dd0,0x00000000b6200000)
}
Event: 734.000 GC heap before
{Heap before GC invocations=35 (full 4):
 PSYoungGen      total 136704K, used 116224K [0x00000000eaa80000, 0x00000000f4400000, 0x0000000100000000)
  eden space 116224K, 100% used [0x00000000eaa80000,0x00000000f1c00000,0x00000000f1c00000)
  from space 20480K, 0% used [0x00000000f3000000,0x00000000f3000000,0x00000000f4400000)
  to   space 20480K, 0% used [0x00000000f1c00000,0x00000000f1c00000,0x00000000f3000000)
 ParOldGen       total 72192K, used 52566K [0x00000000c0000000, 0x00000000c4680000, 0x00000000eaa80000)
  object space 72192K, 72% used [0x00000000c0000000,0x00000000c33559a0,0x00000000c4680000)
 PSPermGen       total 100352K, used 56049K [0x00000000b0000000, 0x00000000b6200000, 0x00000000c0000000)
  object space 100352K, 55% used [0x00000000b0000000,0x00000000b36bc5c0,0x00000000b6200000)
Event: 734.049 GC heap after
Heap after GC invocations=35 (full 4):
 PSYoungGen      total 136704K, used 9478K [0x00000000eaa80000, 0x00000000f4b80000, 0x0000000100000000)
  eden space 116224K, 0% used [0x00000000eaa80000,0x00000000eaa80000,0x00000000f1c00000)
  from space 20480K, 46% used [0x00000000f1c00000,0x00000000f2541848,0x00000000f3000000)
  to   space 19968K, 0% used [0x00000000f3800000,0x00000000f3800000,0x00000000f4b80000)
 ParOldGen       total 72192K, used 52566K [0x00000000c0000000, 0x00000000c4680000, 0x00000000eaa80000)
  object space 72192K, 72% used [0x00000000c0000000,0x00000000c33559a0,0x00000000c4680000)
 PSPermGen       total 100352K, used 56049K [0x00000000b0000000, 0x00000000b6200000, 0x00000000c0000000)
  object space 100352K, 55% used [0x00000000b0000000,0x00000000b36bc5c0,0x00000000b6200000)
}
Event: 1086.896 GC heap before
{Heap before GC invocations=36 (full 4):
 PSYoungGen      total 136704K, used 125702K [0x00000000eaa80000, 0x00000000f4b80000, 0x0000000100000000)
  eden space 116224K, 100% used [0x00000000eaa80000,0x00000000f1c00000,0x00000000f1c00000)
  from space 20480K, 46% used [0x00000000f1c00000,0x00000000f2541848,0x00000000f3000000)
  to   space 19968K, 0% used [0x00000000f3800000,0x00000000f3800000,0x00000000f4b80000)
 ParOldGen       total 72192K, used 52566K [0x00000000c0000000, 0x00000000c4680000, 0x00000000eaa80000)
  object space 72192K, 72% used [0x00000000c0000000,0x00000000c33559a0,0x00000000c4680000)
 PSPermGen       total 100352K, used 56294K [0x00000000b0000000, 0x00000000b6200000, 0x00000000c0000000)
  object space 100352K, 56% used [0x00000000b0000000,0x00000000b36f9a78,0x00000000b6200000)
Event: 1086.943 GC heap after
Heap after GC invocations=36 (full 4):
 PSYoungGen      total 139776K, used 5148K [0x00000000eaa80000, 0x00000000f4880000, 0x0000000100000000)
  eden space 122880K, 0% used [0x00000000eaa80000,0x00000000eaa80000,0x00000000f2280000)
  from space 16896K, 30% used [0x00000000f3800000,0x00000000f3d072f0,0x00000000f4880000)
  to   space 19456K, 0% used [0x00000000f2280000,0x00000000f2280000,0x00000000f3580000)
 ParOldGen       total 72192K, used 52566K [0x00000000c0000000, 0x00000000c4680000, 0x00000000eaa80000)
  object space 72192K, 72% used [0x00000000c0000000,0x00000000c33559a0,0x00000000c4680000)
 PSPermGen       total 100352K, used 56294K [0x00000000b0000000, 0x00000000b6200000, 0x00000000c0000000)
  object space 100352K, 56% used [0x00000000b0000000,0x00000000b36f9a78,0x00000000b6200000)
}
Event: 1111.021 GC heap before
{Heap before GC invocations=37 (full 4):
 PSYoungGen      total 139776K, used 93105K [0x00000000eaa80000, 0x00000000f4880000, 0x0000000100000000)
  eden space 122880K, 71% used [0x00000000eaa80000,0x00000000f0065460,0x00000000f2280000)
  from space 16896K, 30% used [0x00000000f3800000,0x00000000f3d072f0,0x00000000f4880000)
  to   space 19456K, 0% used [0x00000000f2280000,0x00000000f2280000,0x00000000f3580000)
 ParOldGen       total 72192K, used 52566K [0x00000000c0000000, 0x00000000c4680000, 0x00000000eaa80000)
  object space 72192K, 72% used [0x00000000c0000000,0x00000000c33559a0,0x00000000c4680000)
 PSPermGen       total 100352K, used 56417K [0x00000000b0000000, 0x00000000b6200000, 0x00000000c0000000)
  object space 100352K, 56% used [0x00000000b0000000,0x00000000b3718430,0x00000000b6200000)
Event: 1111.036 GC heap after
Heap after GC invocations=37 (full 4):
 PSYoungGen      total 124416K, used 1520K [0x00000000eaa80000, 0x00000000f4780000, 0x0000000100000000)
  eden space 122880K, 0% used [0x00000000eaa80000,0x00000000eaa80000,0x00000000f2280000)
  from space 1536K, 98% used [0x00000000f2280000,0x00000000f23fc030,0x00000000f2400000)
  to   space 18944K, 0% used [0x00000000f3500000,0x00000000f3500000,0x00000000f4780000)
 ParOldGen       total 72192K, used 52574K [0x00000000c0000000, 0x00000000c4680000, 0x00000000eaa80000)
  object space 72192K, 72% used [0x00000000c0000000,0x00000000c33579a0,0x00000000c4680000)
 PSPermGen       total 100352K, used 56417K [0x00000000b0000000, 0x00000000b6200000, 0x00000000c0000000)
  object space 100352K, 56% used [0x00000000b0000000,0x00000000b3718430,0x00000000b6200000)
}
Event: 1111.036 GC heap before
{Heap before GC invocations=38 (full 5):
 PSYoungGen      total 124416K, used 1520K [0x00000000eaa80000, 0x00000000f4780000, 0x0000000100000000)
  eden space 122880K, 0% used [0x00000000eaa80000,0x00000000eaa80000,0x00000000f2280000)
  from space 1536K, 98% used [0x00000000f2280000,0x00000000f23fc030,0x00000000f2400000)
  to   space 18944K, 0% used [0x00000000f3500000,0x00000000f3500000,0x00000000f4780000)
 ParOldGen       total 72192K, used 52574K [0x00000000c0000000, 0x00000000c4680000, 0x00000000eaa80000)
  object space 72192K, 72% used [0x00000000c0000000,0x00000000c33579a0,0x00000000c4680000)
 PSPermGen       total 100352K, used 56417K [0x00000000b0000000, 0x00000000b6200000, 0x00000000c0000000)
  object space 100352K, 56% used [0x00000000b0000000,0x00000000b3718430,0x00000000b6200000)
Event: 1112.396 GC heap after
Heap after GC invocations=38 (full 5):
 PSYoungGen      total 124416K, used 0K [0x00000000eaa80000, 0x00000000f4780000, 0x0000000100000000)
  eden space 122880K, 0% used [0x00000000eaa80000,0x00000000eaa80000,0x00000000f2280000)
  from space 1536K, 0% used [0x00000000f2280000,0x00000000f2280000,0x00000000f2400000)
  to   space 18944K, 0% used [0x00000000f3500000,0x00000000f3500000,0x00000000f4780000)
 ParOldGen       total 72192K, used 44459K [0x00000000c0000000, 0x00000000c4680000, 0x00000000eaa80000)
  object space 72192K, 61% used [0x00000000c0000000,0x00000000c2b6adb0,0x00000000c4680000)
 PSPermGen       total 98304K, used 55643K [0x00000000b0000000, 0x00000000b6000000, 0x00000000c0000000)
  object space 98304K, 56% used [0x00000000b0000000,0x00000000b3656c18,0x00000000b6000000)
}

